<?xml version="1.0" encoding="utf-8"?>
<test-run id="2" name="Open-Lab-02.03.dll" fullname="C:/Users/onkom/Documents/openlab/2/Open-Lab-02.03/bin/Debug/netcoreapp3.0/Open-Lab-02.03.dll" testcasecount="100" result="Passed" start-time="2021-10-09 07:33:36Z" end-time="2021-10-09 07:33:37Z" duration="0.421357" total="100" passed="100" failed="0" inconclusive="0" skipped="0" asserts="100" random-seed="1945794907">
  <command-line><![CDATA[C:\Users\onkom\Documents\openlab\2\Open-Lab-02.03\bin\Debug\netcoreapp3.0\Open-Lab-02.03.dll]]></command-line>
  <filter />
  <test-suite type="Assembly" id="1102" name="Open-Lab-02.03.dll" fullname="C:/Users/onkom/Documents/openlab/2/Open-Lab-02.03/bin/Debug/netcoreapp3.0/Open-Lab-02.03.dll" runstate="Runnable" testcasecount="100" result="Passed" start-time="2021-10-09 07:33:36Z" end-time="2021-10-09 07:33:37Z" duration="0.421357" total="100" passed="100" failed="0" warnings="0" inconclusive="0" skipped="0" asserts="100">
    <environment framework-version="3.12.0.0" clr-version="3.1.19" os-version="Microsoft Windows 10.0.19042" platform="Win32NT" cwd="C:\Users\onkom\Documents\openlab\2\Open-Lab-02.03\bin\Debug\netcoreapp3.0" machine-name="DESKTOP-7OQAPDJ" user="onkom" user-domain="DESKTOP-7OQAPDJ" culture="en-US" uiculture="en-US" os-architecture="x64" />
    <settings>
      <setting name="WorkDirectory" value="C:\Users\onkom\Documents\openlab\2\Open-Lab-02.03\bin\Debug\netcoreapp3.0" />
      <setting name="NumberOfTestWorkers" value="4" />
    </settings>
    <properties>
      <property name="_PID" value="17420" />
      <property name="_APPDOMAIN" value="Open-Lab-02.03" />
    </properties>
    <test-suite type="TestSuite" id="1103" name="Open_Lab_02" fullname="Open_Lab_02" runstate="Runnable" testcasecount="100" result="Passed" start-time="2021-10-09 07:33:36Z" end-time="2021-10-09 07:33:37Z" duration="0.362247" total="100" passed="100" failed="0" warnings="0" inconclusive="0" skipped="0" asserts="100">
      <test-suite type="TestSuite" id="1104" name="_03" fullname="Open_Lab_02._03" runstate="Runnable" testcasecount="100" result="Passed" start-time="2021-10-09 07:33:36Z" end-time="2021-10-09 07:33:37Z" duration="0.338109" total="100" passed="100" failed="0" warnings="0" inconclusive="0" skipped="0" asserts="100">
        <test-suite type="TestFixture" id="1000" name="Tests" fullname="Open_Lab_02._03.Tests" classname="Open_Lab_02._03.Tests" runstate="Runnable" testcasecount="100" result="Passed" start-time="2021-10-09 07:33:36Z" end-time="2021-10-09 07:33:37Z" duration="0.319305" total="100" passed="100" failed="0" warnings="0" inconclusive="0" skipped="0" asserts="100">
          <test-suite type="ParameterizedMethod" id="1101" name="Remainder" fullname="Open_Lab_02._03.Tests.Remainder" classname="Open_Lab_02._03.Tests" runstate="Runnable" testcasecount="100" result="Passed" start-time="2021-10-09 07:33:36Z" end-time="2021-10-09 07:33:37Z" duration="0.285692" total="100" passed="100" failed="0" warnings="0" inconclusive="0" skipped="0" asserts="100">
            <test-case id="1001" name="Remainder(1,3,1)" fullname="Open_Lab_02._03.Tests.Remainder(1,3,1)" methodname="Remainder" classname="Open_Lab_02._03.Tests" runstate="Runnable" seed="47501635" result="Passed" start-time="2021-10-09 07:33:36Z" end-time="2021-10-09 07:33:36Z" duration="0.073894" asserts="1" />
            <test-case id="1002" name="Remainder(3,4,3)" fullname="Open_Lab_02._03.Tests.Remainder(3,4,3)" methodname="Remainder" classname="Open_Lab_02._03.Tests" runstate="Runnable" seed="1611387120" result="Passed" start-time="2021-10-09 07:33:36Z" end-time="2021-10-09 07:33:36Z" duration="0.002329" asserts="1" />
            <test-case id="1003" name="Remainder(25,5,0)" fullname="Open_Lab_02._03.Tests.Remainder(25,5,0)" methodname="Remainder" classname="Open_Lab_02._03.Tests" runstate="Runnable" seed="2147368026" result="Passed" start-time="2021-10-09 07:33:36Z" end-time="2021-10-09 07:33:36Z" duration="0.000265" asserts="1" />
            <test-case id="1004" name="Remainder(100,6,4)" fullname="Open_Lab_02._03.Tests.Remainder(100,6,4)" methodname="Remainder" classname="Open_Lab_02._03.Tests" runstate="Runnable" seed="1184846912" result="Passed" start-time="2021-10-09 07:33:36Z" end-time="2021-10-09 07:33:36Z" duration="0.000258" asserts="1" />
            <test-case id="1005" name="Remainder(-9,15,-9)" fullname="Open_Lab_02._03.Tests.Remainder(-9,15,-9)" methodname="Remainder" classname="Open_Lab_02._03.Tests" runstate="Runnable" seed="139614618" result="Passed" start-time="2021-10-09 07:33:36Z" end-time="2021-10-09 07:33:36Z" duration="0.000256" asserts="1" />
            <test-case id="1006" name="Remainder(392645361,124601435,18841056)" fullname="Open_Lab_02._03.Tests.Remainder(392645361,124601435,18841056)" methodname="Remainder" classname="Open_Lab_02._03.Tests" runstate="Runnable" seed="749532843" result="Passed" start-time="2021-10-09 07:33:36Z" end-time="2021-10-09 07:33:36Z" duration="0.000387" asserts="1" />
            <test-case id="1007" name="Remainder(940140403,925010204,15130199)" fullname="Open_Lab_02._03.Tests.Remainder(940140403,925010204,15130199)" methodname="Remainder" classname="Open_Lab_02._03.Tests" runstate="Runnable" seed="1318313548" result="Passed" start-time="2021-10-09 07:33:36Z" end-time="2021-10-09 07:33:36Z" duration="0.000261" asserts="1" />
            <test-case id="1008" name="Remainder(680520729,582190416,98330313)" fullname="Open_Lab_02._03.Tests.Remainder(680520729,582190416,98330313)" methodname="Remainder" classname="Open_Lab_02._03.Tests" runstate="Runnable" seed="1149458786" result="Passed" start-time="2021-10-09 07:33:36Z" end-time="2021-10-09 07:33:36Z" duration="0.000244" asserts="1" />
            <test-case id="1009" name="Remainder(954090879,485296531,468794348)" fullname="Open_Lab_02._03.Tests.Remainder(954090879,485296531,468794348)" methodname="Remainder" classname="Open_Lab_02._03.Tests" runstate="Runnable" seed="455541259" result="Passed" start-time="2021-10-09 07:33:36Z" end-time="2021-10-09 07:33:36Z" duration="0.000229" asserts="1" />
            <test-case id="1010" name="Remainder(1535531872,1265138003,270393869)" fullname="Open_Lab_02._03.Tests.Remainder(1535531872,1265138003,270393869)" methodname="Remainder" classname="Open_Lab_02._03.Tests" runstate="Runnable" seed="95480200" result="Passed" start-time="2021-10-09 07:33:36Z" end-time="2021-10-09 07:33:36Z" duration="0.000300" asserts="1" />
            <test-case id="1011" name="Remainder(1662797781,1314955165,347842616)" fullname="Open_Lab_02._03.Tests.Remainder(1662797781,1314955165,347842616)" methodname="Remainder" classname="Open_Lab_02._03.Tests" runstate="Runnable" seed="2062033181" result="Passed" start-time="2021-10-09 07:33:36Z" end-time="2021-10-09 07:33:36Z" duration="0.000185" asserts="1" />
            <test-case id="1012" name="Remainder(191616021,39943241,31843057)" fullname="Open_Lab_02._03.Tests.Remainder(191616021,39943241,31843057)" methodname="Remainder" classname="Open_Lab_02._03.Tests" runstate="Runnable" seed="959226954" result="Passed" start-time="2021-10-09 07:33:36Z" end-time="2021-10-09 07:33:36Z" duration="0.000132" asserts="1" />
            <test-case id="1013" name="Remainder(1104066624,93046976,80549888)" fullname="Open_Lab_02._03.Tests.Remainder(1104066624,93046976,80549888)" methodname="Remainder" classname="Open_Lab_02._03.Tests" runstate="Runnable" seed="385950340" result="Passed" start-time="2021-10-09 07:33:36Z" end-time="2021-10-09 07:33:36Z" duration="0.000114" asserts="1" />
            <test-case id="1014" name="Remainder(2098742159,721396700,655948759)" fullname="Open_Lab_02._03.Tests.Remainder(2098742159,721396700,655948759)" methodname="Remainder" classname="Open_Lab_02._03.Tests" runstate="Runnable" seed="1074175602" result="Passed" start-time="2021-10-09 07:33:36Z" end-time="2021-10-09 07:33:36Z" duration="0.000138" asserts="1" />
            <test-case id="1015" name="Remainder(2067716621,1755516821,312199800)" fullname="Open_Lab_02._03.Tests.Remainder(2067716621,1755516821,312199800)" methodname="Remainder" classname="Open_Lab_02._03.Tests" runstate="Runnable" seed="1098253593" result="Passed" start-time="2021-10-09 07:33:36Z" end-time="2021-10-09 07:33:36Z" duration="0.000137" asserts="1" />
            <test-case id="1016" name="Remainder(1645974987,395333194,64642211)" fullname="Open_Lab_02._03.Tests.Remainder(1645974987,395333194,64642211)" methodname="Remainder" classname="Open_Lab_02._03.Tests" runstate="Runnable" seed="1351118604" result="Passed" start-time="2021-10-09 07:33:36Z" end-time="2021-10-09 07:33:36Z" duration="0.000127" asserts="1" />
            <test-case id="1017" name="Remainder(1126665860,932306907,194358953)" fullname="Open_Lab_02._03.Tests.Remainder(1126665860,932306907,194358953)" methodname="Remainder" classname="Open_Lab_02._03.Tests" runstate="Runnable" seed="1741724739" result="Passed" start-time="2021-10-09 07:33:36Z" end-time="2021-10-09 07:33:36Z" duration="0.000110" asserts="1" />
            <test-case id="1018" name="Remainder(177363822,2767341,253998)" fullname="Open_Lab_02._03.Tests.Remainder(177363822,2767341,253998)" methodname="Remainder" classname="Open_Lab_02._03.Tests" runstate="Runnable" seed="455315496" result="Passed" start-time="2021-10-09 07:33:36Z" end-time="2021-10-09 07:33:36Z" duration="0.000124" asserts="1" />
            <test-case id="1019" name="Remainder(40489213,15731115,9026983)" fullname="Open_Lab_02._03.Tests.Remainder(40489213,15731115,9026983)" methodname="Remainder" classname="Open_Lab_02._03.Tests" runstate="Runnable" seed="278000799" result="Passed" start-time="2021-10-09 07:33:36Z" end-time="2021-10-09 07:33:36Z" duration="0.000138" asserts="1" />
            <test-case id="1020" name="Remainder(1135868364,686463606,449404758)" fullname="Open_Lab_02._03.Tests.Remainder(1135868364,686463606,449404758)" methodname="Remainder" classname="Open_Lab_02._03.Tests" runstate="Runnable" seed="1839748853" result="Passed" start-time="2021-10-09 07:33:36Z" end-time="2021-10-09 07:33:36Z" duration="0.000120" asserts="1" />
            <test-case id="1021" name="Remainder(2102994995,1486021990,616973005)" fullname="Open_Lab_02._03.Tests.Remainder(2102994995,1486021990,616973005)" methodname="Remainder" classname="Open_Lab_02._03.Tests" runstate="Runnable" seed="2122139925" result="Passed" start-time="2021-10-09 07:33:36Z" end-time="2021-10-09 07:33:36Z" duration="0.000279" asserts="1" />
            <test-case id="1022" name="Remainder(1442114080,1426677805,15436275)" fullname="Open_Lab_02._03.Tests.Remainder(1442114080,1426677805,15436275)" methodname="Remainder" classname="Open_Lab_02._03.Tests" runstate="Runnable" seed="1411630008" result="Passed" start-time="2021-10-09 07:33:36Z" end-time="2021-10-09 07:33:36Z" duration="0.000161" asserts="1" />
            <test-case id="1023" name="Remainder(1599319672,651231953,296855766)" fullname="Open_Lab_02._03.Tests.Remainder(1599319672,651231953,296855766)" methodname="Remainder" classname="Open_Lab_02._03.Tests" runstate="Runnable" seed="554722820" result="Passed" start-time="2021-10-09 07:33:36Z" end-time="2021-10-09 07:33:36Z" duration="0.000106" asserts="1" />
            <test-case id="1024" name="Remainder(2128402360,263371879,21427328)" fullname="Open_Lab_02._03.Tests.Remainder(2128402360,263371879,21427328)" methodname="Remainder" classname="Open_Lab_02._03.Tests" runstate="Runnable" seed="394822446" result="Passed" start-time="2021-10-09 07:33:36Z" end-time="2021-10-09 07:33:36Z" duration="0.000092" asserts="1" />
            <test-case id="1025" name="Remainder(1220755029,923073386,297681643)" fullname="Open_Lab_02._03.Tests.Remainder(1220755029,923073386,297681643)" methodname="Remainder" classname="Open_Lab_02._03.Tests" runstate="Runnable" seed="751942991" result="Passed" start-time="2021-10-09 07:33:36Z" end-time="2021-10-09 07:33:36Z" duration="0.000079" asserts="1" />
            <test-case id="1026" name="Remainder(1524758175,546504635,431748905)" fullname="Open_Lab_02._03.Tests.Remainder(1524758175,546504635,431748905)" methodname="Remainder" classname="Open_Lab_02._03.Tests" runstate="Runnable" seed="416331605" result="Passed" start-time="2021-10-09 07:33:36Z" end-time="2021-10-09 07:33:36Z" duration="0.000214" asserts="1" />
            <test-case id="1027" name="Remainder(1536556865,154810359,143263634)" fullname="Open_Lab_02._03.Tests.Remainder(1536556865,154810359,143263634)" methodname="Remainder" classname="Open_Lab_02._03.Tests" runstate="Runnable" seed="2142310903" result="Passed" start-time="2021-10-09 07:33:36Z" end-time="2021-10-09 07:33:36Z" duration="0.000202" asserts="1" />
            <test-case id="1028" name="Remainder(705699183,664026693,41672490)" fullname="Open_Lab_02._03.Tests.Remainder(705699183,664026693,41672490)" methodname="Remainder" classname="Open_Lab_02._03.Tests" runstate="Runnable" seed="405786109" result="Passed" start-time="2021-10-09 07:33:36Z" end-time="2021-10-09 07:33:36Z" duration="0.000494" asserts="1" />
            <test-case id="1029" name="Remainder(257238669,50865377,2911784)" fullname="Open_Lab_02._03.Tests.Remainder(257238669,50865377,2911784)" methodname="Remainder" classname="Open_Lab_02._03.Tests" runstate="Runnable" seed="1783650938" result="Passed" start-time="2021-10-09 07:33:36Z" end-time="2021-10-09 07:33:36Z" duration="0.000248" asserts="1" />
            <test-case id="1030" name="Remainder(2057436684,1391271353,666165331)" fullname="Open_Lab_02._03.Tests.Remainder(2057436684,1391271353,666165331)" methodname="Remainder" classname="Open_Lab_02._03.Tests" runstate="Runnable" seed="1884674653" result="Passed" start-time="2021-10-09 07:33:36Z" end-time="2021-10-09 07:33:36Z" duration="0.000147" asserts="1" />
            <test-case id="1031" name="Remainder(1274330741,487138948,300052845)" fullname="Open_Lab_02._03.Tests.Remainder(1274330741,487138948,300052845)" methodname="Remainder" classname="Open_Lab_02._03.Tests" runstate="Runnable" seed="781043166" result="Passed" start-time="2021-10-09 07:33:36Z" end-time="2021-10-09 07:33:36Z" duration="0.000122" asserts="1" />
            <test-case id="1032" name="Remainder(1244122817,1200375344,43747473)" fullname="Open_Lab_02._03.Tests.Remainder(1244122817,1200375344,43747473)" methodname="Remainder" classname="Open_Lab_02._03.Tests" runstate="Runnable" seed="206874268" result="Passed" start-time="2021-10-09 07:33:36Z" end-time="2021-10-09 07:33:36Z" duration="0.000125" asserts="1" />
            <test-case id="1033" name="Remainder(1739373494,1639634285,99739209)" fullname="Open_Lab_02._03.Tests.Remainder(1739373494,1639634285,99739209)" methodname="Remainder" classname="Open_Lab_02._03.Tests" runstate="Runnable" seed="140253613" result="Passed" start-time="2021-10-09 07:33:36Z" end-time="2021-10-09 07:33:36Z" duration="0.000115" asserts="1" />
            <test-case id="1034" name="Remainder(1702296730,1038903285,663393445)" fullname="Open_Lab_02._03.Tests.Remainder(1702296730,1038903285,663393445)" methodname="Remainder" classname="Open_Lab_02._03.Tests" runstate="Runnable" seed="1449746113" result="Passed" start-time="2021-10-09 07:33:36Z" end-time="2021-10-09 07:33:36Z" duration="0.000129" asserts="1" />
            <test-case id="1035" name="Remainder(1935559186,583163717,186068035)" fullname="Open_Lab_02._03.Tests.Remainder(1935559186,583163717,186068035)" methodname="Remainder" classname="Open_Lab_02._03.Tests" runstate="Runnable" seed="1914291316" result="Passed" start-time="2021-10-09 07:33:36Z" end-time="2021-10-09 07:33:36Z" duration="0.000123" asserts="1" />
            <test-case id="1036" name="Remainder(1796698614,100178714,93660476)" fullname="Open_Lab_02._03.Tests.Remainder(1796698614,100178714,93660476)" methodname="Remainder" classname="Open_Lab_02._03.Tests" runstate="Runnable" seed="1295305358" result="Passed" start-time="2021-10-09 07:33:36Z" end-time="2021-10-09 07:33:36Z" duration="0.000125" asserts="1" />
            <test-case id="1037" name="Remainder(2103928802,232876252,8042534)" fullname="Open_Lab_02._03.Tests.Remainder(2103928802,232876252,8042534)" methodname="Remainder" classname="Open_Lab_02._03.Tests" runstate="Runnable" seed="191747402" result="Passed" start-time="2021-10-09 07:33:36Z" end-time="2021-10-09 07:33:36Z" duration="0.000124" asserts="1" />
            <test-case id="1038" name="Remainder(1813819021,122757116,95219397)" fullname="Open_Lab_02._03.Tests.Remainder(1813819021,122757116,95219397)" methodname="Remainder" classname="Open_Lab_02._03.Tests" runstate="Runnable" seed="321045075" result="Passed" start-time="2021-10-09 07:33:36Z" end-time="2021-10-09 07:33:36Z" duration="0.000109" asserts="1" />
            <test-case id="1039" name="Remainder(256134947,25596099,173957)" fullname="Open_Lab_02._03.Tests.Remainder(256134947,25596099,173957)" methodname="Remainder" classname="Open_Lab_02._03.Tests" runstate="Runnable" seed="411985291" result="Passed" start-time="2021-10-09 07:33:36Z" end-time="2021-10-09 07:33:36Z" duration="0.000138" asserts="1" />
            <test-case id="1040" name="Remainder(995816821,106480675,37490746)" fullname="Open_Lab_02._03.Tests.Remainder(995816821,106480675,37490746)" methodname="Remainder" classname="Open_Lab_02._03.Tests" runstate="Runnable" seed="1339625506" result="Passed" start-time="2021-10-09 07:33:36Z" end-time="2021-10-09 07:33:36Z" duration="0.000147" asserts="1" />
            <test-case id="1041" name="Remainder(200063899,170766820,29297079)" fullname="Open_Lab_02._03.Tests.Remainder(200063899,170766820,29297079)" methodname="Remainder" classname="Open_Lab_02._03.Tests" runstate="Runnable" seed="1311200566" result="Passed" start-time="2021-10-09 07:33:36Z" end-time="2021-10-09 07:33:36Z" duration="0.000134" asserts="1" />
            <test-case id="1042" name="Remainder(1664879139,344140535,288316999)" fullname="Open_Lab_02._03.Tests.Remainder(1664879139,344140535,288316999)" methodname="Remainder" classname="Open_Lab_02._03.Tests" runstate="Runnable" seed="1185436863" result="Passed" start-time="2021-10-09 07:33:36Z" end-time="2021-10-09 07:33:36Z" duration="0.000118" asserts="1" />
            <test-case id="1043" name="Remainder(298481832,121794407,54893018)" fullname="Open_Lab_02._03.Tests.Remainder(298481832,121794407,54893018)" methodname="Remainder" classname="Open_Lab_02._03.Tests" runstate="Runnable" seed="1727620556" result="Passed" start-time="2021-10-09 07:33:36Z" end-time="2021-10-09 07:33:36Z" duration="0.000137" asserts="1" />
            <test-case id="1044" name="Remainder(1126713217,477606079,171501059)" fullname="Open_Lab_02._03.Tests.Remainder(1126713217,477606079,171501059)" methodname="Remainder" classname="Open_Lab_02._03.Tests" runstate="Runnable" seed="1500943459" result="Passed" start-time="2021-10-09 07:33:36Z" end-time="2021-10-09 07:33:36Z" duration="0.000121" asserts="1" />
            <test-case id="1045" name="Remainder(1071326205,151745659,9106592)" fullname="Open_Lab_02._03.Tests.Remainder(1071326205,151745659,9106592)" methodname="Remainder" classname="Open_Lab_02._03.Tests" runstate="Runnable" seed="1438941355" result="Passed" start-time="2021-10-09 07:33:36Z" end-time="2021-10-09 07:33:36Z" duration="0.000120" asserts="1" />
            <test-case id="1046" name="Remainder(1923751368,1579627136,344124232)" fullname="Open_Lab_02._03.Tests.Remainder(1923751368,1579627136,344124232)" methodname="Remainder" classname="Open_Lab_02._03.Tests" runstate="Runnable" seed="2019128891" result="Passed" start-time="2021-10-09 07:33:36Z" end-time="2021-10-09 07:33:36Z" duration="0.000108" asserts="1" />
            <test-case id="1047" name="Remainder(924400369,788249179,136151190)" fullname="Open_Lab_02._03.Tests.Remainder(924400369,788249179,136151190)" methodname="Remainder" classname="Open_Lab_02._03.Tests" runstate="Runnable" seed="96593861" result="Passed" start-time="2021-10-09 07:33:36Z" end-time="2021-10-09 07:33:36Z" duration="0.000121" asserts="1" />
            <test-case id="1048" name="Remainder(23503951,14032162,9471789)" fullname="Open_Lab_02._03.Tests.Remainder(23503951,14032162,9471789)" methodname="Remainder" classname="Open_Lab_02._03.Tests" runstate="Runnable" seed="1999900367" result="Passed" start-time="2021-10-09 07:33:36Z" end-time="2021-10-09 07:33:36Z" duration="0.000129" asserts="1" />
            <test-case id="1049" name="Remainder(273335822,193166427,80169395)" fullname="Open_Lab_02._03.Tests.Remainder(273335822,193166427,80169395)" methodname="Remainder" classname="Open_Lab_02._03.Tests" runstate="Runnable" seed="1957082157" result="Passed" start-time="2021-10-09 07:33:36Z" end-time="2021-10-09 07:33:36Z" duration="0.000867" asserts="1" />
            <test-case id="1050" name="Remainder(385123658,308901250,76222408)" fullname="Open_Lab_02._03.Tests.Remainder(385123658,308901250,76222408)" methodname="Remainder" classname="Open_Lab_02._03.Tests" runstate="Runnable" seed="2002497824" result="Passed" start-time="2021-10-09 07:33:36Z" end-time="2021-10-09 07:33:36Z" duration="0.000251" asserts="1" />
            <test-case id="1051" name="Remainder(1319627465,502539901,314547663)" fullname="Open_Lab_02._03.Tests.Remainder(1319627465,502539901,314547663)" methodname="Remainder" classname="Open_Lab_02._03.Tests" runstate="Runnable" seed="1841394101" result="Passed" start-time="2021-10-09 07:33:36Z" end-time="2021-10-09 07:33:36Z" duration="0.000157" asserts="1" />
            <test-case id="1052" name="Remainder(477657489,127615191,94811916)" fullname="Open_Lab_02._03.Tests.Remainder(477657489,127615191,94811916)" methodname="Remainder" classname="Open_Lab_02._03.Tests" runstate="Runnable" seed="1120401076" result="Passed" start-time="2021-10-09 07:33:36Z" end-time="2021-10-09 07:33:36Z" duration="0.000125" asserts="1" />
            <test-case id="1053" name="Remainder(1974603863,1291911726,682692137)" fullname="Open_Lab_02._03.Tests.Remainder(1974603863,1291911726,682692137)" methodname="Remainder" classname="Open_Lab_02._03.Tests" runstate="Runnable" seed="1787146023" result="Passed" start-time="2021-10-09 07:33:36Z" end-time="2021-10-09 07:33:36Z" duration="0.000119" asserts="1" />
            <test-case id="1054" name="Remainder(813257075,491881197,321375878)" fullname="Open_Lab_02._03.Tests.Remainder(813257075,491881197,321375878)" methodname="Remainder" classname="Open_Lab_02._03.Tests" runstate="Runnable" seed="1566115358" result="Passed" start-time="2021-10-09 07:33:36Z" end-time="2021-10-09 07:33:36Z" duration="0.000106" asserts="1" />
            <test-case id="1055" name="Remainder(550026755,143522869,119458148)" fullname="Open_Lab_02._03.Tests.Remainder(550026755,143522869,119458148)" methodname="Remainder" classname="Open_Lab_02._03.Tests" runstate="Runnable" seed="2128141811" result="Passed" start-time="2021-10-09 07:33:36Z" end-time="2021-10-09 07:33:36Z" duration="0.000116" asserts="1" />
            <test-case id="1056" name="Remainder(1764536892,35033125,12880642)" fullname="Open_Lab_02._03.Tests.Remainder(1764536892,35033125,12880642)" methodname="Remainder" classname="Open_Lab_02._03.Tests" runstate="Runnable" seed="1801725828" result="Passed" start-time="2021-10-09 07:33:36Z" end-time="2021-10-09 07:33:36Z" duration="0.000162" asserts="1" />
            <test-case id="1057" name="Remainder(1576301918,1341654625,234647293)" fullname="Open_Lab_02._03.Tests.Remainder(1576301918,1341654625,234647293)" methodname="Remainder" classname="Open_Lab_02._03.Tests" runstate="Runnable" seed="2091372368" result="Passed" start-time="2021-10-09 07:33:36Z" end-time="2021-10-09 07:33:36Z" duration="0.000110" asserts="1" />
            <test-case id="1058" name="Remainder(1252098641,926359046,325739595)" fullname="Open_Lab_02._03.Tests.Remainder(1252098641,926359046,325739595)" methodname="Remainder" classname="Open_Lab_02._03.Tests" runstate="Runnable" seed="376765110" result="Passed" start-time="2021-10-09 07:33:36Z" end-time="2021-10-09 07:33:36Z" duration="0.000098" asserts="1" />
            <test-case id="1059" name="Remainder(1303523986,485737117,332049752)" fullname="Open_Lab_02._03.Tests.Remainder(1303523986,485737117,332049752)" methodname="Remainder" classname="Open_Lab_02._03.Tests" runstate="Runnable" seed="1067138535" result="Passed" start-time="2021-10-09 07:33:36Z" end-time="2021-10-09 07:33:36Z" duration="0.000111" asserts="1" />
            <test-case id="1060" name="Remainder(1773489188,712787651,347913886)" fullname="Open_Lab_02._03.Tests.Remainder(1773489188,712787651,347913886)" methodname="Remainder" classname="Open_Lab_02._03.Tests" runstate="Runnable" seed="1504616819" result="Passed" start-time="2021-10-09 07:33:36Z" end-time="2021-10-09 07:33:36Z" duration="0.000113" asserts="1" />
            <test-case id="1061" name="Remainder(897629356,331046137,235537082)" fullname="Open_Lab_02._03.Tests.Remainder(897629356,331046137,235537082)" methodname="Remainder" classname="Open_Lab_02._03.Tests" runstate="Runnable" seed="754705587" result="Passed" start-time="2021-10-09 07:33:36Z" end-time="2021-10-09 07:33:36Z" duration="0.000123" asserts="1" />
            <test-case id="1062" name="Remainder(239272457,181768625,57503832)" fullname="Open_Lab_02._03.Tests.Remainder(239272457,181768625,57503832)" methodname="Remainder" classname="Open_Lab_02._03.Tests" runstate="Runnable" seed="912527439" result="Passed" start-time="2021-10-09 07:33:36Z" end-time="2021-10-09 07:33:36Z" duration="0.000100" asserts="1" />
            <test-case id="1063" name="Remainder(870746618,13526922,5023610)" fullname="Open_Lab_02._03.Tests.Remainder(870746618,13526922,5023610)" methodname="Remainder" classname="Open_Lab_02._03.Tests" runstate="Runnable" seed="1513291495" result="Passed" start-time="2021-10-09 07:33:36Z" end-time="2021-10-09 07:33:36Z" duration="0.000124" asserts="1" />
            <test-case id="1064" name="Remainder(1342820751,170543805,149014116)" fullname="Open_Lab_02._03.Tests.Remainder(1342820751,170543805,149014116)" methodname="Remainder" classname="Open_Lab_02._03.Tests" runstate="Runnable" seed="718350253" result="Passed" start-time="2021-10-09 07:33:36Z" end-time="2021-10-09 07:33:36Z" duration="0.000167" asserts="1" />
            <test-case id="1065" name="Remainder(214193229,53036891,2045665)" fullname="Open_Lab_02._03.Tests.Remainder(214193229,53036891,2045665)" methodname="Remainder" classname="Open_Lab_02._03.Tests" runstate="Runnable" seed="1461920681" result="Passed" start-time="2021-10-09 07:33:36Z" end-time="2021-10-09 07:33:36Z" duration="0.000113" asserts="1" />
            <test-case id="1066" name="Remainder(2019486967,833184025,353118917)" fullname="Open_Lab_02._03.Tests.Remainder(2019486967,833184025,353118917)" methodname="Remainder" classname="Open_Lab_02._03.Tests" runstate="Runnable" seed="1855158913" result="Passed" start-time="2021-10-09 07:33:36Z" end-time="2021-10-09 07:33:36Z" duration="0.000247" asserts="1" />
            <test-case id="1067" name="Remainder(1976962505,1308017809,668944696)" fullname="Open_Lab_02._03.Tests.Remainder(1976962505,1308017809,668944696)" methodname="Remainder" classname="Open_Lab_02._03.Tests" runstate="Runnable" seed="818973341" result="Passed" start-time="2021-10-09 07:33:36Z" end-time="2021-10-09 07:33:36Z" duration="0.000204" asserts="1" />
            <test-case id="1068" name="Remainder(1057482258,753289544,304192714)" fullname="Open_Lab_02._03.Tests.Remainder(1057482258,753289544,304192714)" methodname="Remainder" classname="Open_Lab_02._03.Tests" runstate="Runnable" seed="1083687874" result="Passed" start-time="2021-10-09 07:33:36Z" end-time="2021-10-09 07:33:36Z" duration="0.000205" asserts="1" />
            <test-case id="1069" name="Remainder(1355351642,688655436,666696206)" fullname="Open_Lab_02._03.Tests.Remainder(1355351642,688655436,666696206)" methodname="Remainder" classname="Open_Lab_02._03.Tests" runstate="Runnable" seed="1307367933" result="Passed" start-time="2021-10-09 07:33:36Z" end-time="2021-10-09 07:33:36Z" duration="0.000196" asserts="1" />
            <test-case id="1070" name="Remainder(616777575,298969166,18839243)" fullname="Open_Lab_02._03.Tests.Remainder(616777575,298969166,18839243)" methodname="Remainder" classname="Open_Lab_02._03.Tests" runstate="Runnable" seed="1950431882" result="Passed" start-time="2021-10-09 07:33:36Z" end-time="2021-10-09 07:33:36Z" duration="0.000139" asserts="1" />
            <test-case id="1071" name="Remainder(63015682,57964222,5051460)" fullname="Open_Lab_02._03.Tests.Remainder(63015682,57964222,5051460)" methodname="Remainder" classname="Open_Lab_02._03.Tests" runstate="Runnable" seed="1159371202" result="Passed" start-time="2021-10-09 07:33:36Z" end-time="2021-10-09 07:33:36Z" duration="0.000250" asserts="1" />
            <test-case id="1072" name="Remainder(360276976,85723281,17383852)" fullname="Open_Lab_02._03.Tests.Remainder(360276976,85723281,17383852)" methodname="Remainder" classname="Open_Lab_02._03.Tests" runstate="Runnable" seed="1420679664" result="Passed" start-time="2021-10-09 07:33:36Z" end-time="2021-10-09 07:33:36Z" duration="0.000180" asserts="1" />
            <test-case id="1073" name="Remainder(687122385,601893464,85228921)" fullname="Open_Lab_02._03.Tests.Remainder(687122385,601893464,85228921)" methodname="Remainder" classname="Open_Lab_02._03.Tests" runstate="Runnable" seed="43330205" result="Passed" start-time="2021-10-09 07:33:36Z" end-time="2021-10-09 07:33:36Z" duration="0.000619" asserts="1" />
            <test-case id="1074" name="Remainder(187035850,108353014,78682836)" fullname="Open_Lab_02._03.Tests.Remainder(187035850,108353014,78682836)" methodname="Remainder" classname="Open_Lab_02._03.Tests" runstate="Runnable" seed="1085858940" result="Passed" start-time="2021-10-09 07:33:36Z" end-time="2021-10-09 07:33:36Z" duration="0.000230" asserts="1" />
            <test-case id="1075" name="Remainder(579090830,156991395,108116645)" fullname="Open_Lab_02._03.Tests.Remainder(579090830,156991395,108116645)" methodname="Remainder" classname="Open_Lab_02._03.Tests" runstate="Runnable" seed="528548287" result="Passed" start-time="2021-10-09 07:33:36Z" end-time="2021-10-09 07:33:36Z" duration="0.000259" asserts="1" />
            <test-case id="1076" name="Remainder(2126035178,1604408396,521626782)" fullname="Open_Lab_02._03.Tests.Remainder(2126035178,1604408396,521626782)" methodname="Remainder" classname="Open_Lab_02._03.Tests" runstate="Runnable" seed="936703062" result="Passed" start-time="2021-10-09 07:33:36Z" end-time="2021-10-09 07:33:36Z" duration="0.000253" asserts="1" />
            <test-case id="1077" name="Remainder(1891621166,1470592786,421028380)" fullname="Open_Lab_02._03.Tests.Remainder(1891621166,1470592786,421028380)" methodname="Remainder" classname="Open_Lab_02._03.Tests" runstate="Runnable" seed="1831493099" result="Passed" start-time="2021-10-09 07:33:36Z" end-time="2021-10-09 07:33:36Z" duration="0.000287" asserts="1" />
            <test-case id="1078" name="Remainder(824831390,202660202,14190582)" fullname="Open_Lab_02._03.Tests.Remainder(824831390,202660202,14190582)" methodname="Remainder" classname="Open_Lab_02._03.Tests" runstate="Runnable" seed="1201263008" result="Passed" start-time="2021-10-09 07:33:36Z" end-time="2021-10-09 07:33:36Z" duration="0.000269" asserts="1" />
            <test-case id="1079" name="Remainder(578531241,267717897,43095447)" fullname="Open_Lab_02._03.Tests.Remainder(578531241,267717897,43095447)" methodname="Remainder" classname="Open_Lab_02._03.Tests" runstate="Runnable" seed="1103364738" result="Passed" start-time="2021-10-09 07:33:36Z" end-time="2021-10-09 07:33:36Z" duration="0.000202" asserts="1" />
            <test-case id="1080" name="Remainder(1850477719,1672761026,177716693)" fullname="Open_Lab_02._03.Tests.Remainder(1850477719,1672761026,177716693)" methodname="Remainder" classname="Open_Lab_02._03.Tests" runstate="Runnable" seed="880297747" result="Passed" start-time="2021-10-09 07:33:36Z" end-time="2021-10-09 07:33:36Z" duration="0.000169" asserts="1" />
            <test-case id="1081" name="Remainder(62199951,15655614,15233109)" fullname="Open_Lab_02._03.Tests.Remainder(62199951,15655614,15233109)" methodname="Remainder" classname="Open_Lab_02._03.Tests" runstate="Runnable" seed="319737744" result="Passed" start-time="2021-10-09 07:33:36Z" end-time="2021-10-09 07:33:36Z" duration="0.000140" asserts="1" />
            <test-case id="1082" name="Remainder(1084666456,9234635,4214161)" fullname="Open_Lab_02._03.Tests.Remainder(1084666456,9234635,4214161)" methodname="Remainder" classname="Open_Lab_02._03.Tests" runstate="Runnable" seed="142410536" result="Passed" start-time="2021-10-09 07:33:36Z" end-time="2021-10-09 07:33:36Z" duration="0.000113" asserts="1" />
            <test-case id="1083" name="Remainder(688356721,281609762,125137197)" fullname="Open_Lab_02._03.Tests.Remainder(688356721,281609762,125137197)" methodname="Remainder" classname="Open_Lab_02._03.Tests" runstate="Runnable" seed="596187599" result="Passed" start-time="2021-10-09 07:33:36Z" end-time="2021-10-09 07:33:36Z" duration="0.000172" asserts="1" />
            <test-case id="1084" name="Remainder(213157295,15431037,12553814)" fullname="Open_Lab_02._03.Tests.Remainder(213157295,15431037,12553814)" methodname="Remainder" classname="Open_Lab_02._03.Tests" runstate="Runnable" seed="1928636761" result="Passed" start-time="2021-10-09 07:33:36Z" end-time="2021-10-09 07:33:36Z" duration="0.000159" asserts="1" />
            <test-case id="1085" name="Remainder(770328350,670733657,99594693)" fullname="Open_Lab_02._03.Tests.Remainder(770328350,670733657,99594693)" methodname="Remainder" classname="Open_Lab_02._03.Tests" runstate="Runnable" seed="43280552" result="Passed" start-time="2021-10-09 07:33:36Z" end-time="2021-10-09 07:33:36Z" duration="0.000151" asserts="1" />
            <test-case id="1086" name="Remainder(233453615,23088497,2568645)" fullname="Open_Lab_02._03.Tests.Remainder(233453615,23088497,2568645)" methodname="Remainder" classname="Open_Lab_02._03.Tests" runstate="Runnable" seed="1808125737" result="Passed" start-time="2021-10-09 07:33:36Z" end-time="2021-10-09 07:33:36Z" duration="0.000118" asserts="1" />
            <test-case id="1087" name="Remainder(183447451,62577149,58293153)" fullname="Open_Lab_02._03.Tests.Remainder(183447451,62577149,58293153)" methodname="Remainder" classname="Open_Lab_02._03.Tests" runstate="Runnable" seed="567211892" result="Passed" start-time="2021-10-09 07:33:36Z" end-time="2021-10-09 07:33:36Z" duration="0.000121" asserts="1" />
            <test-case id="1088" name="Remainder(800085055,398564920,2955215)" fullname="Open_Lab_02._03.Tests.Remainder(800085055,398564920,2955215)" methodname="Remainder" classname="Open_Lab_02._03.Tests" runstate="Runnable" seed="721621902" result="Passed" start-time="2021-10-09 07:33:36Z" end-time="2021-10-09 07:33:36Z" duration="0.000123" asserts="1" />
            <test-case id="1089" name="Remainder(431716023,377096502,54619521)" fullname="Open_Lab_02._03.Tests.Remainder(431716023,377096502,54619521)" methodname="Remainder" classname="Open_Lab_02._03.Tests" runstate="Runnable" seed="1469087949" result="Passed" start-time="2021-10-09 07:33:36Z" end-time="2021-10-09 07:33:36Z" duration="0.000123" asserts="1" />
            <test-case id="1090" name="Remainder(944261171,499996165,444265006)" fullname="Open_Lab_02._03.Tests.Remainder(944261171,499996165,444265006)" methodname="Remainder" classname="Open_Lab_02._03.Tests" runstate="Runnable" seed="112565488" result="Passed" start-time="2021-10-09 07:33:36Z" end-time="2021-10-09 07:33:36Z" duration="0.000121" asserts="1" />
            <test-case id="1091" name="Remainder(1993808643,91680933,68509050)" fullname="Open_Lab_02._03.Tests.Remainder(1993808643,91680933,68509050)" methodname="Remainder" classname="Open_Lab_02._03.Tests" runstate="Runnable" seed="1351416637" result="Passed" start-time="2021-10-09 07:33:36Z" end-time="2021-10-09 07:33:36Z" duration="0.000130" asserts="1" />
            <test-case id="1092" name="Remainder(1841132148,1525638903,315493245)" fullname="Open_Lab_02._03.Tests.Remainder(1841132148,1525638903,315493245)" methodname="Remainder" classname="Open_Lab_02._03.Tests" runstate="Runnable" seed="1962465939" result="Passed" start-time="2021-10-09 07:33:36Z" end-time="2021-10-09 07:33:36Z" duration="0.000128" asserts="1" />
            <test-case id="1093" name="Remainder(553191973,102754748,39418233)" fullname="Open_Lab_02._03.Tests.Remainder(553191973,102754748,39418233)" methodname="Remainder" classname="Open_Lab_02._03.Tests" runstate="Runnable" seed="1401390187" result="Passed" start-time="2021-10-09 07:33:36Z" end-time="2021-10-09 07:33:36Z" duration="0.000135" asserts="1" />
            <test-case id="1094" name="Remainder(1141854368,163479663,160976390)" fullname="Open_Lab_02._03.Tests.Remainder(1141854368,163479663,160976390)" methodname="Remainder" classname="Open_Lab_02._03.Tests" runstate="Runnable" seed="1054852119" result="Passed" start-time="2021-10-09 07:33:36Z" end-time="2021-10-09 07:33:36Z" duration="0.000124" asserts="1" />
            <test-case id="1095" name="Remainder(596008332,147052900,7796732)" fullname="Open_Lab_02._03.Tests.Remainder(596008332,147052900,7796732)" methodname="Remainder" classname="Open_Lab_02._03.Tests" runstate="Runnable" seed="584919919" result="Passed" start-time="2021-10-09 07:33:36Z" end-time="2021-10-09 07:33:36Z" duration="0.000123" asserts="1" />
            <test-case id="1096" name="Remainder(951212607,160165517,150385022)" fullname="Open_Lab_02._03.Tests.Remainder(951212607,160165517,150385022)" methodname="Remainder" classname="Open_Lab_02._03.Tests" runstate="Runnable" seed="398673127" result="Passed" start-time="2021-10-09 07:33:36Z" end-time="2021-10-09 07:33:36Z" duration="0.000123" asserts="1" />
            <test-case id="1097" name="Remainder(1388144377,532003163,324138051)" fullname="Open_Lab_02._03.Tests.Remainder(1388144377,532003163,324138051)" methodname="Remainder" classname="Open_Lab_02._03.Tests" runstate="Runnable" seed="1819629015" result="Passed" start-time="2021-10-09 07:33:36Z" end-time="2021-10-09 07:33:36Z" duration="0.000120" asserts="1" />
            <test-case id="1098" name="Remainder(978744826,761116778,217628048)" fullname="Open_Lab_02._03.Tests.Remainder(978744826,761116778,217628048)" methodname="Remainder" classname="Open_Lab_02._03.Tests" runstate="Runnable" seed="1009270303" result="Passed" start-time="2021-10-09 07:33:36Z" end-time="2021-10-09 07:33:36Z" duration="0.000146" asserts="1" />
            <test-case id="1099" name="Remainder(890670723,141842196,39617547)" fullname="Open_Lab_02._03.Tests.Remainder(890670723,141842196,39617547)" methodname="Remainder" classname="Open_Lab_02._03.Tests" runstate="Runnable" seed="39022778" result="Passed" start-time="2021-10-09 07:33:36Z" end-time="2021-10-09 07:33:36Z" duration="0.000109" asserts="1" />
            <test-case id="1100" name="Remainder(1970093090,1794482727,175610363)" fullname="Open_Lab_02._03.Tests.Remainder(1970093090,1794482727,175610363)" methodname="Remainder" classname="Open_Lab_02._03.Tests" runstate="Runnable" seed="1731266089" result="Passed" start-time="2021-10-09 07:33:36Z" end-time="2021-10-09 07:33:36Z" duration="0.000124" asserts="1" />
          </test-suite>
        </test-suite>
      </test-suite>
    </test-suite>
  </test-suite>
</test-run>